0 verbose cli /usr/bin/node /usr/bin/npm
1 info using npm@9.2.0
2 info using node@v18.19.0
3 timing npm:load:whichnode Completed in 0ms
4 timing config:load:defaults Completed in 2ms
5 timing config:load:file:/usr/share/nodejs/npm/npmrc Completed in 6ms
6 timing config:load:builtin Completed in 6ms
7 timing config:load:cli Completed in 2ms
8 timing config:load:env Completed in 1ms
9 timing config:load:project Completed in 10ms
10 timing config:load:file:/var/www/.npmrc Completed in 2ms
11 timing config:load:user Completed in 2ms
12 timing config:load:file:/etc/npmrc Completed in 0ms
13 timing config:load:global Completed in 1ms
14 timing config:load:setEnvs Completed in 1ms
15 timing config:load Completed in 26ms
16 timing npm:load:configload Completed in 27ms
17 timing npm:load:mkdirpcache Completed in 2ms
18 timing npm:load:mkdirplogs Completed in 4ms
19 verbose title npm install
20 verbose argv "install"
21 timing npm:load:setTitle Completed in 2ms
22 timing config:load:flatten Completed in 4ms
23 timing npm:load:display Completed in 5ms
24 verbose logfile logs-max:10 dir:/var/www/.npm/_logs/2025-05-25T01_43_16_917Z-
25 verbose logfile /var/www/.npm/_logs/2025-05-25T01_43_16_917Z-debug-0.log
26 timing npm:load:logFile Completed in 20ms
27 timing npm:load:timers Completed in 1ms
28 timing npm:load:configScope Completed in 0ms
29 timing npm:load Completed in 64ms
30 silly logfile done cleaning log files
31 timing config:load:flatten Completed in 0ms
32 timing arborist:ctor Completed in 1ms
33 timing idealTree:init Completed in 227ms
34 timing idealTree:userRequests Completed in 1ms
35 silly idealTree buildDeps
36 timing idealTree:#root Completed in 1ms
37 timing idealTree:buildDeps Completed in 3ms
38 timing idealTree:fixDepFlags Completed in 1ms
39 timing idealTree Completed in 238ms
40 timing arborist:ctor Completed in 1ms
41 timing reify:loadTrees Completed in 412ms
42 timing reify:diffTrees Completed in 60ms
43 silly reify moves {}
44 timing reify:retireShallow Completed in 2ms
45 timing reify:createSparse Completed in 80ms
46 timing reify:loadBundles Completed in 0ms
47 silly audit bulk request {
47 silly audit   '@alloc/quick-lru': [ '5.2.0' ],
47 silly audit   '@esbuild/aix-ppc64': [ '0.21.5' ],
47 silly audit   '@esbuild/android-arm': [ '0.21.5' ],
47 silly audit   '@esbuild/android-arm64': [ '0.21.5' ],
47 silly audit   '@esbuild/android-x64': [ '0.21.5' ],
47 silly audit   '@esbuild/darwin-arm64': [ '0.21.5' ],
47 silly audit   '@esbuild/darwin-x64': [ '0.21.5' ],
47 silly audit   '@esbuild/freebsd-arm64': [ '0.21.5' ],
47 silly audit   '@esbuild/freebsd-x64': [ '0.21.5' ],
47 silly audit   '@esbuild/linux-arm': [ '0.21.5' ],
47 silly audit   '@esbuild/linux-arm64': [ '0.21.5' ],
47 silly audit   '@esbuild/linux-ia32': [ '0.21.5' ],
47 silly audit   '@esbuild/linux-loong64': [ '0.21.5' ],
47 silly audit   '@esbuild/linux-mips64el': [ '0.21.5' ],
47 silly audit   '@esbuild/linux-ppc64': [ '0.21.5' ],
47 silly audit   '@esbuild/linux-riscv64': [ '0.21.5' ],
47 silly audit   '@esbuild/linux-s390x': [ '0.21.5' ],
47 silly audit   '@esbuild/linux-x64': [ '0.21.5' ],
47 silly audit   '@esbuild/netbsd-x64': [ '0.21.5' ],
47 silly audit   '@esbuild/openbsd-x64': [ '0.21.5' ],
47 silly audit   '@esbuild/sunos-x64': [ '0.21.5' ],
47 silly audit   '@esbuild/win32-arm64': [ '0.21.5' ],
47 silly audit   '@esbuild/win32-ia32': [ '0.21.5' ],
47 silly audit   '@esbuild/win32-x64': [ '0.21.5' ],
47 silly audit   '@isaacs/cliui': [ '8.0.2' ],
47 silly audit   '@jridgewell/gen-mapping': [ '0.3.8' ],
47 silly audit   '@jridgewell/resolve-uri': [ '3.1.2' ],
47 silly audit   '@jridgewell/set-array': [ '1.2.1' ],
47 silly audit   '@jridgewell/sourcemap-codec': [ '1.5.0' ],
47 silly audit   '@jridgewell/trace-mapping': [ '0.3.25' ],
47 silly audit   '@nodelib/fs.scandir': [ '2.1.5' ],
47 silly audit   '@nodelib/fs.stat': [ '2.0.5' ],
47 silly audit   '@nodelib/fs.walk': [ '1.2.8' ],
47 silly audit   '@pkgjs/parseargs': [ '0.11.0' ],
47 silly audit   '@rollup/rollup-android-arm-eabi': [ '4.41.0' ],
47 silly audit   '@rollup/rollup-android-arm64': [ '4.41.0' ],
47 silly audit   '@rollup/rollup-darwin-arm64': [ '4.41.0' ],
47 silly audit   '@rollup/rollup-darwin-x64': [ '4.41.0' ],
47 silly audit   '@rollup/rollup-freebsd-arm64': [ '4.41.0' ],
47 silly audit   '@rollup/rollup-freebsd-x64': [ '4.41.0' ],
47 silly audit   '@rollup/rollup-linux-arm-gnueabihf': [ '4.41.0' ],
47 silly audit   '@rollup/rollup-linux-arm-musleabihf': [ '4.41.0' ],
47 silly audit   '@rollup/rollup-linux-arm64-gnu': [ '4.41.0' ],
47 silly audit   '@rollup/rollup-linux-arm64-musl': [ '4.41.0' ],
47 silly audit   '@rollup/rollup-linux-loongarch64-gnu': [ '4.41.0' ],
47 silly audit   '@rollup/rollup-linux-powerpc64le-gnu': [ '4.41.0' ],
47 silly audit   '@rollup/rollup-linux-riscv64-gnu': [ '4.41.0' ],
47 silly audit   '@rollup/rollup-linux-riscv64-musl': [ '4.41.0' ],
47 silly audit   '@rollup/rollup-linux-s390x-gnu': [ '4.41.0' ],
47 silly audit   '@rollup/rollup-linux-x64-gnu': [ '4.41.0' ],
47 silly audit   '@rollup/rollup-linux-x64-musl': [ '4.41.0' ],
47 silly audit   '@rollup/rollup-win32-arm64-msvc': [ '4.41.0' ],
47 silly audit   '@rollup/rollup-win32-ia32-msvc': [ '4.41.0' ],
47 silly audit   '@rollup/rollup-win32-x64-msvc': [ '4.41.0' ],
47 silly audit   '@tailwindcss/forms': [ '0.5.10' ],
47 silly audit   '@types/estree': [ '1.0.7' ],
47 silly audit   '@vue/reactivity': [ '3.1.5' ],
47 silly audit   '@vue/shared': [ '3.1.5' ],
47 silly audit   alpinejs: [ '3.14.9' ],
47 silly audit   'ansi-regex': [ '6.1.0', '5.0.1' ],
47 silly audit   'ansi-styles': [ '6.2.1', '4.3.0' ],
47 silly audit   'any-promise': [ '1.3.0' ],
47 silly audit   anymatch: [ '3.1.3' ],
47 silly audit   arg: [ '5.0.2' ],
47 silly audit   asynckit: [ '0.4.0' ],
47 silly audit   autoprefixer: [ '10.4.21' ],
47 silly audit   axios: [ '1.9.0' ],
47 silly audit   'balanced-match': [ '1.0.2' ],
47 silly audit   'binary-extensions': [ '2.3.0' ],
47 silly audit   'brace-expansion': [ '2.0.1' ],
47 silly audit   braces: [ '3.0.3' ],
47 silly audit   browserslist: [ '4.24.5' ],
47 silly audit   'call-bind-apply-helpers': [ '1.0.2' ],
47 silly audit   'camelcase-css': [ '2.0.1' ],
47 silly audit   'caniuse-lite': [ '1.0.30001718' ],
47 silly audit   chokidar: [ '3.6.0' ],
47 silly audit   'glob-parent': [ '5.1.2', '6.0.2' ],
47 silly audit   'color-convert': [ '2.0.1' ],
47 silly audit   'color-name': [ '1.1.4' ],
47 silly audit   'combined-stream': [ '1.0.8' ],
47 silly audit   commander: [ '4.1.1' ],
47 silly audit   'cross-spawn': [ '7.0.6' ],
47 silly audit   cssesc: [ '3.0.0' ],
47 silly audit   'delayed-stream': [ '1.0.0' ],
47 silly audit   didyoumean: [ '1.2.2' ],
47 silly audit   dlv: [ '1.1.3' ],
47 silly audit   'dunder-proto': [ '1.0.1' ],
47 silly audit   eastasianwidth: [ '0.2.0' ],
47 silly audit   'electron-to-chromium': [ '1.5.157' ],
47 silly audit   'emoji-regex': [ '9.2.2', '8.0.0' ],
47 silly audit   'es-define-property': [ '1.0.1' ],
47 silly audit   'es-errors': [ '1.3.0' ],
47 silly audit   'es-object-atoms': [ '1.1.1' ],
47 silly audit   'es-set-tostringtag': [ '2.1.0' ],
47 silly audit   esbuild: [ '0.21.5' ],
47 silly audit   escalade: [ '3.2.0' ],
47 silly audit   'fast-glob': [ '3.3.3' ],
47 silly audit   fastq: [ '1.19.1' ],
47 silly audit   'fill-range': [ '7.1.1' ],
47 silly audit   'follow-redirects': [ '1.15.9' ],
47 silly audit   'foreground-child': [ '3.3.1' ],
47 silly audit   'form-data': [ '4.0.2' ],
47 silly audit   'fraction.js': [ '4.3.7' ],
47 silly audit   fsevents: [ '2.3.3' ],
47 silly audit   'function-bind': [ '1.1.2' ],
47 silly audit   'get-intrinsic': [ '1.3.0' ],
47 silly audit   'get-proto': [ '1.0.1' ],
47 silly audit   glob: [ '10.4.5' ],
47 silly audit   gopd: [ '1.2.0' ],
47 silly audit   'has-symbols': [ '1.1.0' ],
47 silly audit   'has-tostringtag': [ '1.0.2' ],
47 silly audit   hasown: [ '2.0.2' ],
47 silly audit   'is-binary-path': [ '2.1.0' ],
47 silly audit   'is-core-module': [ '2.16.1' ],
47 silly audit   'is-extglob': [ '2.1.1' ],
47 silly audit   'is-fullwidth-code-point': [ '3.0.0' ],
47 silly audit   'is-glob': [ '4.0.3' ],
47 silly audit   'is-number': [ '7.0.0' ],
47 silly audit   isexe: [ '2.0.0' ],
47 silly audit   jackspeak: [ '3.4.3' ],
47 silly audit   jiti: [ '1.21.7' ],
47 silly audit   'laravel-vite-plugin': [ '1.2.0' ],
47 silly audit   lilconfig: [ '3.1.3' ],
47 silly audit   'lines-and-columns': [ '1.2.4' ],
47 silly audit   'lru-cache': [ '10.4.3' ],
47 silly audit   'math-intrinsics': [ '1.1.0' ],
47 silly audit   merge2: [ '1.4.1' ],
47 silly audit   micromatch: [ '4.0.8' ],
47 silly audit   'mime-db': [ '1.52.0' ],
47 silly audit   'mime-types': [ '2.1.35' ],
47 silly audit   'mini-svg-data-uri': [ '1.4.4' ],
47 silly audit   minimatch: [ '9.0.5' ],
47 silly audit   minipass: [ '7.1.2' ],
47 silly audit   mz: [ '2.7.0' ],
47 silly audit   nanoid: [ '3.3.11' ],
47 silly audit   'node-releases': [ '2.0.19' ],
47 silly audit   'normalize-path': [ '3.0.0' ],
47 silly audit   'normalize-range': [ '0.1.2' ],
47 silly audit   'object-assign': [ '4.1.1' ],
47 silly audit   'object-hash': [ '3.0.0' ],
47 silly audit   'package-json-from-dist': [ '1.0.1' ],
47 silly audit   'path-key': [ '3.1.1' ],
47 silly audit   'path-parse': [ '1.0.7' ],
47 silly audit   'path-scurry': [ '1.11.1' ],
47 silly audit   picocolors: [ '1.1.1' ],
47 silly audit   picomatch: [ '2.3.1' ],
47 silly audit   pify: [ '2.3.0' ],
47 silly audit   pirates: [ '4.0.7' ],
47 silly audit   postcss: [ '8.5.3' ],
47 silly audit   'postcss-import': [ '15.1.0' ],
47 silly audit   'postcss-js': [ '4.0.1' ],
47 silly audit   'postcss-load-config': [ '4.0.2' ],
47 silly audit   'postcss-nested': [ '6.2.0' ],
47 silly audit   'postcss-selector-parser': [ '6.1.2' ],
47 silly audit   'postcss-value-parser': [ '4.2.0' ],
47 silly audit   'proxy-from-env': [ '1.1.0' ],
47 silly audit   'queue-microtask': [ '1.2.3' ],
47 silly audit   'read-cache': [ '1.0.0' ],
47 silly audit   readdirp: [ '3.6.0' ],
47 silly audit   resolve: [ '1.22.10' ],
47 silly audit   reusify: [ '1.1.0' ],
47 silly audit   rollup: [ '4.41.0' ],
47 silly audit   'run-parallel': [ '1.2.0' ],
47 silly audit   'shebang-command': [ '2.0.0' ],
47 silly audit   'shebang-regex': [ '3.0.0' ],
47 silly audit   'signal-exit': [ '4.1.0' ],
47 silly audit   'source-map-js': [ '1.2.1' ],
47 silly audit   'string-width': [ '5.1.2', '4.2.3' ],
47 silly audit   'strip-ansi': [ '6.0.1', '7.1.0' ],
47 silly audit   sucrase: [ '3.35.0' ],
47 silly audit   'supports-preserve-symlinks-flag': [ '1.0.0' ],
47 silly audit   tailwindcss: [ '3.4.17' ],
47 silly audit   thenify: [ '3.3.1' ],
47 silly audit   'thenify-all': [ '1.6.0' ],
47 silly audit   'to-regex-range': [ '5.0.1' ],
47 silly audit   'ts-interface-checker': [ '0.1.13' ],
47 silly audit   'update-browserslist-db': [ '1.1.3' ],
47 silly audit   'util-deprecate': [ '1.0.2' ],
47 silly audit   vite: [ '5.4.19' ],
47 silly audit   'vite-plugin-full-reload': [ '1.2.0' ],
47 silly audit   which: [ '2.0.2' ],
47 silly audit   'wrap-ansi': [ '8.1.0', '7.0.0' ],
47 silly audit   yaml: [ '2.8.0' ]
47 silly audit }
48 verbose reify failed optional dependency /var/www/node_modules/fsevents
49 silly reify mark deleted [ '/var/www/node_modules/fsevents' ]
50 verbose reify failed optional dependency /var/www/node_modules/@rollup/rollup-win32-ia32-msvc
51 silly reify mark deleted [ '/var/www/node_modules/@rollup/rollup-win32-ia32-msvc' ]
52 verbose reify failed optional dependency /var/www/node_modules/@rollup/rollup-win32-arm64-msvc
53 silly reify mark deleted [ '/var/www/node_modules/@rollup/rollup-win32-arm64-msvc' ]
54 verbose reify failed optional dependency /var/www/node_modules/@rollup/rollup-linux-s390x-gnu
55 silly reify mark deleted [ '/var/www/node_modules/@rollup/rollup-linux-s390x-gnu' ]
56 verbose reify failed optional dependency /var/www/node_modules/@rollup/rollup-linux-riscv64-musl
57 silly reify mark deleted [ '/var/www/node_modules/@rollup/rollup-linux-riscv64-musl' ]
58 verbose reify failed optional dependency /var/www/node_modules/@rollup/rollup-linux-riscv64-gnu
59 silly reify mark deleted [ '/var/www/node_modules/@rollup/rollup-linux-riscv64-gnu' ]
60 verbose reify failed optional dependency /var/www/node_modules/@rollup/rollup-linux-powerpc64le-gnu
61 silly reify mark deleted [ '/var/www/node_modules/@rollup/rollup-linux-powerpc64le-gnu' ]
62 verbose reify failed optional dependency /var/www/node_modules/@rollup/rollup-linux-loongarch64-gnu
63 silly reify mark deleted [ '/var/www/node_modules/@rollup/rollup-linux-loongarch64-gnu' ]
64 verbose reify failed optional dependency /var/www/node_modules/@rollup/rollup-linux-arm64-musl
65 silly reify mark deleted [ '/var/www/node_modules/@rollup/rollup-linux-arm64-musl' ]
66 verbose reify failed optional dependency /var/www/node_modules/@rollup/rollup-linux-arm64-gnu
67 silly reify mark deleted [ '/var/www/node_modules/@rollup/rollup-linux-arm64-gnu' ]
68 verbose reify failed optional dependency /var/www/node_modules/@rollup/rollup-linux-arm-musleabihf
69 silly reify mark deleted [ '/var/www/node_modules/@rollup/rollup-linux-arm-musleabihf' ]
70 verbose reify failed optional dependency /var/www/node_modules/@rollup/rollup-linux-arm-gnueabihf
71 silly reify mark deleted [ '/var/www/node_modules/@rollup/rollup-linux-arm-gnueabihf' ]
72 verbose reify failed optional dependency /var/www/node_modules/@rollup/rollup-freebsd-x64
73 silly reify mark deleted [ '/var/www/node_modules/@rollup/rollup-freebsd-x64' ]
74 verbose reify failed optional dependency /var/www/node_modules/@rollup/rollup-freebsd-arm64
75 silly reify mark deleted [ '/var/www/node_modules/@rollup/rollup-freebsd-arm64' ]
76 verbose reify failed optional dependency /var/www/node_modules/@rollup/rollup-darwin-x64
77 silly reify mark deleted [ '/var/www/node_modules/@rollup/rollup-darwin-x64' ]
78 verbose reify failed optional dependency /var/www/node_modules/@rollup/rollup-darwin-arm64
79 silly reify mark deleted [ '/var/www/node_modules/@rollup/rollup-darwin-arm64' ]
80 verbose reify failed optional dependency /var/www/node_modules/@rollup/rollup-android-arm64
81 silly reify mark deleted [ '/var/www/node_modules/@rollup/rollup-android-arm64' ]
82 verbose reify failed optional dependency /var/www/node_modules/@rollup/rollup-android-arm-eabi
83 silly reify mark deleted [ '/var/www/node_modules/@rollup/rollup-android-arm-eabi' ]
84 verbose reify failed optional dependency /var/www/node_modules/@esbuild/win32-ia32
85 silly reify mark deleted [ '/var/www/node_modules/@esbuild/win32-ia32' ]
86 verbose reify failed optional dependency /var/www/node_modules/@esbuild/win32-arm64
87 silly reify mark deleted [ '/var/www/node_modules/@esbuild/win32-arm64' ]
88 verbose reify failed optional dependency /var/www/node_modules/@esbuild/sunos-x64
89 silly reify mark deleted [ '/var/www/node_modules/@esbuild/sunos-x64' ]
90 verbose reify failed optional dependency /var/www/node_modules/@esbuild/openbsd-x64
91 silly reify mark deleted [ '/var/www/node_modules/@esbuild/openbsd-x64' ]
92 verbose reify failed optional dependency /var/www/node_modules/@esbuild/netbsd-x64
93 silly reify mark deleted [ '/var/www/node_modules/@esbuild/netbsd-x64' ]
94 verbose reify failed optional dependency /var/www/node_modules/@esbuild/linux-s390x
95 silly reify mark deleted [ '/var/www/node_modules/@esbuild/linux-s390x' ]
96 verbose reify failed optional dependency /var/www/node_modules/@esbuild/linux-riscv64
97 silly reify mark deleted [ '/var/www/node_modules/@esbuild/linux-riscv64' ]
98 verbose reify failed optional dependency /var/www/node_modules/@esbuild/linux-ppc64
99 silly reify mark deleted [ '/var/www/node_modules/@esbuild/linux-ppc64' ]
100 verbose reify failed optional dependency /var/www/node_modules/@esbuild/linux-mips64el
101 silly reify mark deleted [ '/var/www/node_modules/@esbuild/linux-mips64el' ]
102 verbose reify failed optional dependency /var/www/node_modules/@esbuild/linux-loong64
103 silly reify mark deleted [ '/var/www/node_modules/@esbuild/linux-loong64' ]
104 verbose reify failed optional dependency /var/www/node_modules/@esbuild/linux-ia32
105 silly reify mark deleted [ '/var/www/node_modules/@esbuild/linux-ia32' ]
106 verbose reify failed optional dependency /var/www/node_modules/@esbuild/linux-arm64
107 silly reify mark deleted [ '/var/www/node_modules/@esbuild/linux-arm64' ]
108 verbose reify failed optional dependency /var/www/node_modules/@esbuild/linux-arm
109 silly reify mark deleted [ '/var/www/node_modules/@esbuild/linux-arm' ]
110 verbose reify failed optional dependency /var/www/node_modules/@esbuild/freebsd-x64
111 silly reify mark deleted [ '/var/www/node_modules/@esbuild/freebsd-x64' ]
112 verbose reify failed optional dependency /var/www/node_modules/@esbuild/freebsd-arm64
113 silly reify mark deleted [ '/var/www/node_modules/@esbuild/freebsd-arm64' ]
114 verbose reify failed optional dependency /var/www/node_modules/@esbuild/darwin-x64
115 silly reify mark deleted [ '/var/www/node_modules/@esbuild/darwin-x64' ]
116 verbose reify failed optional dependency /var/www/node_modules/@esbuild/darwin-arm64
117 silly reify mark deleted [ '/var/www/node_modules/@esbuild/darwin-arm64' ]
118 verbose reify failed optional dependency /var/www/node_modules/@esbuild/android-x64
119 silly reify mark deleted [ '/var/www/node_modules/@esbuild/android-x64' ]
120 verbose reify failed optional dependency /var/www/node_modules/@esbuild/android-arm64
121 silly reify mark deleted [ '/var/www/node_modules/@esbuild/android-arm64' ]
122 verbose reify failed optional dependency /var/www/node_modules/@esbuild/android-arm
123 silly reify mark deleted [ '/var/www/node_modules/@esbuild/android-arm' ]
124 verbose reify failed optional dependency /var/www/node_modules/@esbuild/aix-ppc64
125 silly reify mark deleted [ '/var/www/node_modules/@esbuild/aix-ppc64' ]
126 timing reifyNode:node_modules/fsevents Completed in 88ms
127 timing reifyNode:node_modules/@rollup/rollup-win32-ia32-msvc Completed in 89ms
128 timing reifyNode:node_modules/@rollup/rollup-win32-arm64-msvc Completed in 88ms
129 timing reifyNode:node_modules/@rollup/rollup-linux-s390x-gnu Completed in 88ms
130 timing reifyNode:node_modules/@rollup/rollup-linux-riscv64-musl Completed in 88ms
131 timing reifyNode:node_modules/@rollup/rollup-linux-riscv64-gnu Completed in 89ms
132 timing reifyNode:node_modules/@rollup/rollup-linux-powerpc64le-gnu Completed in 89ms
133 timing reifyNode:node_modules/@rollup/rollup-linux-loongarch64-gnu Completed in 90ms
134 timing reifyNode:node_modules/@rollup/rollup-linux-arm64-musl Completed in 89ms
135 timing reifyNode:node_modules/@rollup/rollup-linux-arm64-gnu Completed in 90ms
136 timing reifyNode:node_modules/@rollup/rollup-linux-arm-musleabihf Completed in 90ms
137 timing reifyNode:node_modules/@rollup/rollup-linux-arm-gnueabihf Completed in 90ms
138 timing reifyNode:node_modules/@rollup/rollup-freebsd-x64 Completed in 91ms
139 timing reifyNode:node_modules/@rollup/rollup-freebsd-arm64 Completed in 91ms
140 timing reifyNode:node_modules/@rollup/rollup-darwin-x64 Completed in 92ms
141 timing reifyNode:node_modules/@rollup/rollup-darwin-arm64 Completed in 92ms
142 timing reifyNode:node_modules/@rollup/rollup-android-arm64 Completed in 92ms
143 timing reifyNode:node_modules/@rollup/rollup-android-arm-eabi Completed in 92ms
144 timing reifyNode:node_modules/@esbuild/win32-ia32 Completed in 93ms
145 timing reifyNode:node_modules/@esbuild/win32-arm64 Completed in 93ms
146 timing reifyNode:node_modules/@esbuild/sunos-x64 Completed in 94ms
147 timing reifyNode:node_modules/@esbuild/openbsd-x64 Completed in 94ms
148 timing reifyNode:node_modules/@esbuild/netbsd-x64 Completed in 94ms
149 timing reifyNode:node_modules/@esbuild/linux-s390x Completed in 95ms
150 timing reifyNode:node_modules/@esbuild/linux-riscv64 Completed in 95ms
151 timing reifyNode:node_modules/@esbuild/linux-ppc64 Completed in 95ms
152 timing reifyNode:node_modules/@esbuild/linux-mips64el Completed in 96ms
153 timing reifyNode:node_modules/@esbuild/linux-loong64 Completed in 96ms
154 timing reifyNode:node_modules/@esbuild/linux-ia32 Completed in 97ms
155 timing reifyNode:node_modules/@esbuild/linux-arm64 Completed in 97ms
156 timing reifyNode:node_modules/@esbuild/linux-arm Completed in 97ms
157 timing reifyNode:node_modules/@esbuild/freebsd-x64 Completed in 98ms
158 timing reifyNode:node_modules/@esbuild/freebsd-arm64 Completed in 98ms
159 timing reifyNode:node_modules/@esbuild/darwin-x64 Completed in 98ms
160 timing reifyNode:node_modules/@esbuild/darwin-arm64 Completed in 99ms
161 timing reifyNode:node_modules/@esbuild/android-x64 Completed in 99ms
162 timing reifyNode:node_modules/@esbuild/android-arm64 Completed in 99ms
163 timing reifyNode:node_modules/@esbuild/android-arm Completed in 99ms
164 timing reifyNode:node_modules/@esbuild/aix-ppc64 Completed in 100ms
165 silly tarball no local data for @rollup/rollup-linux-x64-musl@https://registry.npmjs.org/@rollup/rollup-linux-x64-musl/-/rollup-linux-x64-musl-4.41.0.tgz. Extracting by manifest.
166 silly tarball no local data for @esbuild/linux-x64@https://registry.npmjs.org/@esbuild/linux-x64/-/linux-x64-0.21.5.tgz. Extracting by manifest.
167 silly tarball no local data for @rollup/rollup-linux-x64-gnu@https://registry.npmjs.org/@rollup/rollup-linux-x64-gnu/-/rollup-linux-x64-gnu-4.41.0.tgz. Extracting by manifest.
168 http fetch POST 200 https://registry.npmjs.org/-/npm/v1/security/advisories/bulk 530ms
169 timing auditReport:getReport Completed in 538ms
170 silly audit report {
170 silly audit report   esbuild: [
170 silly audit report     {
170 silly audit report       id: 1102341,
170 silly audit report       url: 'https://github.com/advisories/GHSA-67mh-4wv8-2f99',
170 silly audit report       title: 'esbuild enables any website to send any requests to the development server and read the response',
170 silly audit report       severity: 'moderate',
170 silly audit report       vulnerable_versions: '<=0.24.2',
170 silly audit report       cwe: [Array],
170 silly audit report       cvss: [Object]
170 silly audit report     }
170 silly audit report   ]
170 silly audit report }
171 timing metavuln:cache:get:security-advisory:esbuild:jKdCIzePj7J1488qgRXvF8Srh9wutSuR1exB8YooNX62hT+qhtrUXYbArLNoIhgwbaCqKpmduh18syZU7BR9SA== Completed in 4ms
172 http fetch GET 200 https://registry.npmjs.org/@rollup/rollup-linux-x64-musl/-/rollup-linux-x64-musl-4.41.0.tgz 874ms (cache miss)
173 timing reifyNode:node_modules/@rollup/rollup-linux-x64-musl Completed in 997ms
174 http fetch GET 200 https://registry.npmjs.org/esbuild 658ms (cache miss)
175 timing metavuln:packument:esbuild Completed in 665ms
176 timing metavuln:load:security-advisory:esbuild:1102341 Completed in 16ms
177 http fetch GET 200 https://registry.npmjs.org/@rollup/rollup-linux-x64-gnu/-/rollup-linux-x64-gnu-4.41.0.tgz 1107ms (cache miss)
178 timing reifyNode:node_modules/@rollup/rollup-linux-x64-gnu Completed in 1235ms
179 timing metavuln:cache:put:security-advisory:esbuild:jKdCIzePj7J1488qgRXvF8Srh9wutSuR1exB8YooNX62hT+qhtrUXYbArLNoIhgwbaCqKpmduh18syZU7BR9SA== Completed in 50ms
180 timing metavuln:calculate:security-advisory:esbuild:1102341 Completed in 735ms
181 timing metavuln:cache:get:security-advisory:vite:tMBsdAS7JBTyRORp0YaJR984WAAsOxgmReSLBN0Nd41GhzEakjROICqAJ31iOdYG5Ijo/MlJ01p3ig1iN88+Tw== Completed in 3ms
182 http fetch GET 200 https://registry.npmjs.org/vite 389ms (cache miss)
183 timing metavuln:packument:vite Completed in 414ms
184 timing metavuln:load:security-advisory:vite:jKdCIzePj7J1488qgRXvF8Srh9wutSuR1exB8YooNX62hT+qhtrUXYbArLNoIhgwbaCqKpmduh18syZU7BR9SA== Completed in 126ms
185 timing metavuln:cache:put:security-advisory:vite:tMBsdAS7JBTyRORp0YaJR984WAAsOxgmReSLBN0Nd41GhzEakjROICqAJ31iOdYG5Ijo/MlJ01p3ig1iN88+Tw== Completed in 56ms
186 timing metavuln:calculate:security-advisory:vite:jKdCIzePj7J1488qgRXvF8Srh9wutSuR1exB8YooNX62hT+qhtrUXYbArLNoIhgwbaCqKpmduh18syZU7BR9SA== Completed in 596ms
187 timing metavuln:cache:get:security-advisory:laravel-vite-plugin:9ymg1avCH42NR4fZ8NYT5khSLfL/79IVOPKZGY7IXG4Ax33TpuHm3lGRvmLcwNv0OiYN/pP7KmqU6VENCELRYA== Completed in 5ms
188 http fetch GET 200 https://registry.npmjs.org/@esbuild/linux-x64/-/linux-x64-0.21.5.tgz 1805ms (cache miss)
189 timing reifyNode:node_modules/@esbuild/linux-x64 Completed in 1930ms
190 timing reify:unpack Completed in 1932ms
191 timing reify:unretire Completed in 0ms
192 timing build:queue Completed in 22ms
193 timing build:deps Completed in 23ms
194 timing build Completed in 23ms
195 timing reify:build Completed in 26ms
196 timing reify:trash Completed in 80ms
197 timing reify:save Completed in 53ms
198 http fetch GET 200 https://registry.npmjs.org/laravel-vite-plugin 274ms (cache miss)
199 timing metavuln:packument:laravel-vite-plugin Completed in 276ms
200 timing metavuln:load:security-advisory:laravel-vite-plugin:tMBsdAS7JBTyRORp0YaJR984WAAsOxgmReSLBN0Nd41GhzEakjROICqAJ31iOdYG5Ijo/MlJ01p3ig1iN88+Tw== Completed in 17ms
201 timing metavuln:cache:put:security-advisory:laravel-vite-plugin:9ymg1avCH42NR4fZ8NYT5khSLfL/79IVOPKZGY7IXG4Ax33TpuHm3lGRvmLcwNv0OiYN/pP7KmqU6VENCELRYA== Completed in 47ms
202 timing metavuln:calculate:security-advisory:laravel-vite-plugin:tMBsdAS7JBTyRORp0YaJR984WAAsOxgmReSLBN0Nd41GhzEakjROICqAJ31iOdYG5Ijo/MlJ01p3ig1iN88+Tw== Completed in 343ms
203 timing auditReport:init Completed in 1699ms
204 timing reify:audit Completed in 2242ms
205 timing reify Completed in 2805ms
206 silly ADD
207 silly ADD
208 silly ADD
209 silly ADD node_modules/@rollup/rollup-linux-x64-musl
210 silly ADD node_modules/@rollup/rollup-linux-x64-gnu
211 silly ADD
212 silly ADD
213 silly ADD
214 silly ADD
215 silly ADD
216 silly ADD
217 silly ADD
218 silly ADD
219 silly ADD
220 silly ADD
221 silly ADD
222 silly ADD
223 silly ADD
224 silly ADD
225 silly ADD
226 silly ADD
227 silly ADD
228 silly ADD
229 silly ADD
230 silly ADD
231 silly ADD node_modules/@esbuild/linux-x64
232 silly ADD
233 silly ADD
234 silly ADD
235 silly ADD
236 silly ADD
237 silly ADD
238 silly ADD
239 silly ADD
240 silly ADD
241 silly ADD
242 silly ADD
243 silly ADD
244 silly ADD
245 silly ADD
246 silly ADD
247 silly ADD
248 timing command:install Completed in 2859ms
249 verbose exit 0
250 timing npm Completed in 2964ms
251 info ok
